{
  "stats": {
    "suites": 0,
    "tests": 1,
    "passes": 1,
    "pending": 0,
    "failures": 0,
    "start": "2022-08-31T05:04:38.420Z",
    "end": "2022-08-31T05:05:09.112Z",
    "duration": 30692,
    "testsRegistered": 1,
    "passPercent": 100,
    "pendingPercent": 0,
    "other": 0,
    "hasOther": false,
    "skipped": 0,
    "hasSkipped": false
  },
  "results": [
    {
      "uuid": "a8967291-c715-4bed-b9d5-c5342f8daf4f",
      "title": "",
      "fullFile": "cypress\\integration\\examples\\Pages\\OURAPP\\OURAPP.js",
      "file": "cypress\\integration\\examples\\Pages\\OURAPP\\OURAPP.js",
      "beforeHooks": [],
      "afterHooks": [],
      "tests": [
        {
          "title": "ourapp",
          "fullTitle": "ourapp",
          "timedOut": null,
          "duration": 26366,
          "state": "passed",
          "speed": "slow",
          "pass": true,
          "fail": false,
          "pending": false,
          "context": null,
          "code": "cy.visit(ourApp.url);\ncy.get(ourApp.ourAppNav).click();\ncy.wait(5000);\ncy.get(ourApp.learnMoreOne).click();\ncy.wait(5000);\ncy.get(ourApp.learnMoreTwo).click();\ncy.wait(5000);",
          "err": {},
          "uuid": "4c2fcb25-649a-4cdd-9c49-02a7d03b7005",
          "parentUUID": "a8967291-c715-4bed-b9d5-c5342f8daf4f",
          "isHook": false,
          "skipped": false
        }
      ],
      "suites": [],
      "passes": [
        "4c2fcb25-649a-4cdd-9c49-02a7d03b7005"
      ],
      "failures": [],
      "pending": [],
      "skipped": [],
      "duration": 26366,
      "root": true,
      "rootEmpty": false,
      "_timeout": 2000
    }
  ],
  "meta": {
    "mocha": {
      "version": "7.0.1"
    },
    "mochawesome": {
      "options": {
        "quiet": false,
        "reportFilename": "report",
        "saveHtml": true,
        "saveJson": true,
        "consoleReporter": "spec",
        "useInlineDiffs": false,
        "code": true
      },
      "version": "7.1.3"
    },
    "marge": {
      "options": {
        "reportDir": "cypress/reports",
        "reportFilename": "report",
        "overwrite": false,
        "html": true,
        "json": true,
        "charts": true
      },
      "version": "6.2.0"
    }
  }
}