{
  "stats": {
    "suites": 0,
    "tests": 1,
    "passes": 1,
    "pending": 0,
    "failures": 0,
    "start": "2022-08-31T03:28:16.610Z",
    "end": "2022-08-31T03:28:45.887Z",
    "duration": 29277,
    "testsRegistered": 1,
    "passPercent": 100,
    "pendingPercent": 0,
    "other": 0,
    "hasOther": false,
    "skipped": 0,
    "hasSkipped": false
  },
  "results": [
    {
      "uuid": "9200ff19-776f-40ff-b244-db35734e93fe",
      "title": "",
      "fullFile": "cypress\\integration\\examples\\Pages\\JoinUs\\JoinUs.js",
      "file": "cypress\\integration\\examples\\Pages\\JoinUs\\JoinUs.js",
      "beforeHooks": [],
      "afterHooks": [],
      "tests": [
        {
          "title": "Join Us",
          "fullTitle": "Join Us",
          "timedOut": null,
          "duration": 24651,
          "state": "passed",
          "speed": "slow",
          "pass": true,
          "fail": false,
          "pending": false,
          "context": null,
          "code": "cy.visit(joinUs.url);\ncy.get(joinUs.joinUsNav).click();\ncy.get(joinUs.checkAll).click();\ncy.get(joinUs.navAnalytics).click();\ncy.get(joinUs.apply).click();",
          "err": {},
          "uuid": "6ab0cf94-7369-4fcd-8fff-1de04ff7e8e0",
          "parentUUID": "9200ff19-776f-40ff-b244-db35734e93fe",
          "isHook": false,
          "skipped": false
        }
      ],
      "suites": [],
      "passes": [
        "6ab0cf94-7369-4fcd-8fff-1de04ff7e8e0"
      ],
      "failures": [],
      "pending": [],
      "skipped": [],
      "duration": 24651,
      "root": true,
      "rootEmpty": false,
      "_timeout": 2000
    }
  ],
  "meta": {
    "mocha": {
      "version": "7.0.1"
    },
    "mochawesome": {
      "options": {
        "quiet": false,
        "reportFilename": "report",
        "saveHtml": true,
        "saveJson": true,
        "consoleReporter": "spec",
        "useInlineDiffs": false,
        "code": true
      },
      "version": "7.1.3"
    },
    "marge": {
      "options": {
        "reportDir": "cypress/reports",
        "reportFilename": "report",
        "overwrite": false,
        "html": true,
        "json": true,
        "charts": true
      },
      "version": "6.2.0"
    }
  }
}