{
  "stats": {
    "suites": 0,
    "tests": 1,
    "passes": 0,
    "pending": 0,
    "failures": 1,
    "start": "2022-08-31T06:57:19.168Z",
    "end": "2022-08-31T06:57:50.283Z",
    "duration": 31115,
    "testsRegistered": 1,
    "passPercent": 0,
    "pendingPercent": 0,
    "other": 0,
    "hasOther": false,
    "skipped": 0,
    "hasSkipped": false
  },
  "results": [
    {
      "uuid": "f3c025ad-b389-4b14-9e0b-cc3b93ac446f",
      "title": "",
      "fullFile": "cypress\\integration\\examples\\Pages\\ContactUs\\ContactUs.js",
      "file": "cypress\\integration\\examples\\Pages\\ContactUs\\ContactUs.js",
      "beforeHooks": [],
      "afterHooks": [],
      "tests": [
        {
          "title": "khatabook",
          "fullTitle": "khatabook",
          "timedOut": null,
          "duration": 25452,
          "state": "failed",
          "speed": null,
          "pass": false,
          "fail": true,
          "pending": false,
          "context": null,
          "code": "cy.visit(locatorContact.url);\ncy.get(locatorContact.ContactNav).click();\ncy.get(locatorContact.facebook).click();",
          "err": {
            "message": "CypressError: Cypress detected a cross origin error happened on page load:\n\n  > Blocked a frame with origin \"https://khatabook.com\" from accessing a cross-origin frame.\n\nBefore the page load, you were bound to the origin policy:\n\n  > https://khatabook.com\n\nA cross origin error happens when your application navigates to a new URL which does not match the origin policy above.\n\nA new URL does not match the origin policy if the 'protocol', 'port' (if specified), and/or 'host' (unless of the same superdomain) are different.\n\nCypress does not allow you to navigate to a different origin URL within a single test.\n\nYou may need to restructure some of your test code to avoid this problem.\n\nAlternatively you can also disable Chrome Web Security in Chromium-based browsers which will turn off this restriction by setting { chromeWebSecurity: false } in `D:\\interview_task_company\\Qups\\First_cypress_Moachawesome_Allure\\cypress.json`.\n\nhttps://on.cypress.io/cross-origin-violation",
            "estack": "CypressError: Cypress detected a cross origin error happened on page load:\n\n  > Blocked a frame with origin \"https://khatabook.com\" from accessing a cross-origin frame.\n\nBefore the page load, you were bound to the origin policy:\n\n  > https://khatabook.com\n\nA cross origin error happens when your application navigates to a new URL which does not match the origin policy above.\n\nA new URL does not match the origin policy if the 'protocol', 'port' (if specified), and/or 'host' (unless of the same superdomain) are different.\n\nCypress does not allow you to navigate to a different origin URL within a single test.\n\nYou may need to restructure some of your test code to avoid this problem.\n\nAlternatively you can also disable Chrome Web Security in Chromium-based browsers which will turn off this restriction by setting { chromeWebSecurity: false } in `D:\\interview_task_company\\Qups\\First_cypress_Moachawesome_Allure\\cypress.json`.\n\nhttps://on.cypress.io/cross-origin-violation\n    at onPageLoadErr (https://khatabook.com/__cypress/runner/cypress_runner.js:156215:17)\n    at HTMLIFrameElement.<anonymous> (https://khatabook.com/__cypress/runner/cypress_runner.js:168094:17)\n    at HTMLIFrameElement.dispatch (https://khatabook.com/__cypress/runner/cypress_runner.js:90364:27)\n    at HTMLIFrameElement.elemData.handle (https://khatabook.com/__cypress/runner/cypress_runner.js:90172:28)",
            "diff": null
          },
          "uuid": "fdddf2bc-3c81-4a82-9545-5f0b46291e45",
          "parentUUID": "f3c025ad-b389-4b14-9e0b-cc3b93ac446f",
          "isHook": false,
          "skipped": false
        }
      ],
      "suites": [],
      "passes": [],
      "failures": [
        "fdddf2bc-3c81-4a82-9545-5f0b46291e45"
      ],
      "pending": [],
      "skipped": [],
      "duration": 25452,
      "root": true,
      "rootEmpty": false,
      "_timeout": 2000
    }
  ],
  "meta": {
    "mocha": {
      "version": "7.0.1"
    },
    "mochawesome": {
      "options": {
        "quiet": false,
        "reportFilename": "report",
        "saveHtml": true,
        "saveJson": true,
        "consoleReporter": "spec",
        "useInlineDiffs": false,
        "code": true
      },
      "version": "7.1.3"
    },
    "marge": {
      "options": {
        "reportDir": "cypress/reports",
        "reportFilename": "report",
        "overwrite": false,
        "html": true,
        "json": true,
        "charts": true
      },
      "version": "6.2.0"
    }
  }
}