{
  "stats": {
    "suites": 0,
    "tests": 1,
    "passes": 1,
    "pending": 0,
    "failures": 0,
    "start": "2022-08-31T05:03:47.537Z",
    "end": "2022-08-31T05:04:09.777Z",
    "duration": 22240,
    "testsRegistered": 1,
    "passPercent": 100,
    "pendingPercent": 0,
    "other": 0,
    "hasOther": false,
    "skipped": 0,
    "hasSkipped": false
  },
  "results": [
    {
      "uuid": "8ff93f10-ede6-4080-aa75-f898b1524175",
      "title": "",
      "fullFile": "cypress\\integration\\examples\\Pages\\JoinUs\\JoinUs.js",
      "file": "cypress\\integration\\examples\\Pages\\JoinUs\\JoinUs.js",
      "beforeHooks": [],
      "afterHooks": [],
      "tests": [
        {
          "title": "Join Us",
          "fullTitle": "Join Us",
          "timedOut": null,
          "duration": 17738,
          "state": "passed",
          "speed": "slow",
          "pass": true,
          "fail": false,
          "pending": false,
          "context": null,
          "code": "cy.visit(joinUs.url);\ncy.get(joinUs.joinUsNav).click();\ncy.get(joinUs.checkAll).click();\ncy.get(joinUs.navAnalytics).click();\ncy.get(joinUs.apply).click();",
          "err": {},
          "uuid": "8db560cb-ab02-4d35-bd53-a3fc2764c7dc",
          "parentUUID": "8ff93f10-ede6-4080-aa75-f898b1524175",
          "isHook": false,
          "skipped": false
        }
      ],
      "suites": [],
      "passes": [
        "8db560cb-ab02-4d35-bd53-a3fc2764c7dc"
      ],
      "failures": [],
      "pending": [],
      "skipped": [],
      "duration": 17738,
      "root": true,
      "rootEmpty": false,
      "_timeout": 2000
    }
  ],
  "meta": {
    "mocha": {
      "version": "7.0.1"
    },
    "mochawesome": {
      "options": {
        "quiet": false,
        "reportFilename": "report",
        "saveHtml": true,
        "saveJson": true,
        "consoleReporter": "spec",
        "useInlineDiffs": false,
        "code": true
      },
      "version": "7.1.3"
    },
    "marge": {
      "options": {
        "reportDir": "cypress/reports",
        "reportFilename": "report",
        "overwrite": false,
        "html": true,
        "json": true,
        "charts": true
      },
      "version": "6.2.0"
    }
  }
}