{
  "stats": {
    "suites": 0,
    "tests": 1,
    "passes": 1,
    "pending": 0,
    "failures": 0,
    "start": "2022-08-31T03:29:24.537Z",
    "end": "2022-08-31T03:30:00.284Z",
    "duration": 35747,
    "testsRegistered": 1,
    "passPercent": 100,
    "pendingPercent": 0,
    "other": 0,
    "hasOther": false,
    "skipped": 0,
    "hasSkipped": false
  },
  "results": [
    {
      "uuid": "20df0a9e-a5c2-4ff7-b537-3220dded6634",
      "title": "",
      "fullFile": "cypress\\integration\\examples\\Pages\\OURAPP\\OURAPP.js",
      "file": "cypress\\integration\\examples\\Pages\\OURAPP\\OURAPP.js",
      "beforeHooks": [],
      "afterHooks": [],
      "tests": [
        {
          "title": "ourapp",
          "fullTitle": "ourapp",
          "timedOut": null,
          "duration": 28892,
          "state": "passed",
          "speed": "slow",
          "pass": true,
          "fail": false,
          "pending": false,
          "context": null,
          "code": "cy.visit(ourApp.url);\ncy.get(ourApp.ourAppNav).click();\ncy.wait(5000);\ncy.get(ourApp.learnMoreOne).click();\ncy.wait(5000);\ncy.get(ourApp.learnMoreTwo).click();\ncy.wait(5000);",
          "err": {},
          "uuid": "4a507f9b-9f8b-405f-81ee-40200d3717d6",
          "parentUUID": "20df0a9e-a5c2-4ff7-b537-3220dded6634",
          "isHook": false,
          "skipped": false
        }
      ],
      "suites": [],
      "passes": [
        "4a507f9b-9f8b-405f-81ee-40200d3717d6"
      ],
      "failures": [],
      "pending": [],
      "skipped": [],
      "duration": 28892,
      "root": true,
      "rootEmpty": false,
      "_timeout": 2000
    }
  ],
  "meta": {
    "mocha": {
      "version": "7.0.1"
    },
    "mochawesome": {
      "options": {
        "quiet": false,
        "reportFilename": "report",
        "saveHtml": true,
        "saveJson": true,
        "consoleReporter": "spec",
        "useInlineDiffs": false,
        "code": true
      },
      "version": "7.1.3"
    },
    "marge": {
      "options": {
        "reportDir": "cypress/reports",
        "reportFilename": "report",
        "overwrite": false,
        "html": true,
        "json": true,
        "charts": true
      },
      "version": "6.2.0"
    }
  }
}