{
  "stats": {
    "suites": 0,
    "tests": 1,
    "passes": 0,
    "pending": 0,
    "failures": 1,
    "start": "2022-08-31T06:59:27.026Z",
    "end": "2022-08-31T06:59:36.865Z",
    "duration": 9839,
    "testsRegistered": 1,
    "passPercent": 0,
    "pendingPercent": 0,
    "other": 0,
    "hasOther": false,
    "skipped": 0,
    "hasSkipped": false
  },
  "results": [
    {
      "uuid": "13a7c060-17be-40dc-9ca4-5c0cdccd461e",
      "title": "",
      "fullFile": "cypress\\integration\\examples\\Pages\\testing\\testing.js",
      "file": "cypress\\integration\\examples\\Pages\\testing\\testing.js",
      "beforeHooks": [],
      "afterHooks": [],
      "tests": [
        {
          "title": "Handling new Browser Window",
          "fullTitle": "Handling new Browser Window",
          "timedOut": null,
          "duration": 4797,
          "state": "failed",
          "speed": null,
          "pass": false,
          "fail": true,
          "pending": false,
          "context": null,
          "code": "cy.visit('https://alapanme.github.io/testing-cypress.html');\ncy.window().then(function (win) {\n  cy.stub(win, 'open', function (url) {\n    win.location.href = 'https://the-internet.herokuapp.com/';\n  }).as(\"popup\");\n});\ncy.get('button').click();\ncy.get('@popup').should(\"be.called\");\ncy.get('h1').should('have.text', 'Welcome to the-internet');",
          "err": {
            "message": "CypressError: Cypress detected a cross origin error happened on page load:\n\n  > Blocked a frame with origin \"https://alapanme.github.io\" from accessing a cross-origin frame.\n\nBefore the page load, you were bound to the origin policy:\n\n  > https://alapanme.github.io\n\nA cross origin error happens when your application navigates to a new URL which does not match the origin policy above.\n\nA new URL does not match the origin policy if the 'protocol', 'port' (if specified), and/or 'host' (unless of the same superdomain) are different.\n\nCypress does not allow you to navigate to a different origin URL within a single test.\n\nYou may need to restructure some of your test code to avoid this problem.\n\nAlternatively you can also disable Chrome Web Security in Chromium-based browsers which will turn off this restriction by setting { chromeWebSecurity: false } in `D:\\interview_task_company\\Qups\\First_cypress_Moachawesome_Allure\\cypress.json`.\n\nhttps://on.cypress.io/cross-origin-violation",
            "estack": "CypressError: Cypress detected a cross origin error happened on page load:\n\n  > Blocked a frame with origin \"https://alapanme.github.io\" from accessing a cross-origin frame.\n\nBefore the page load, you were bound to the origin policy:\n\n  > https://alapanme.github.io\n\nA cross origin error happens when your application navigates to a new URL which does not match the origin policy above.\n\nA new URL does not match the origin policy if the 'protocol', 'port' (if specified), and/or 'host' (unless of the same superdomain) are different.\n\nCypress does not allow you to navigate to a different origin URL within a single test.\n\nYou may need to restructure some of your test code to avoid this problem.\n\nAlternatively you can also disable Chrome Web Security in Chromium-based browsers which will turn off this restriction by setting { chromeWebSecurity: false } in `D:\\interview_task_company\\Qups\\First_cypress_Moachawesome_Allure\\cypress.json`.\n\nhttps://on.cypress.io/cross-origin-violation\n    at onPageLoadErr (https://alapanme.github.io/__cypress/runner/cypress_runner.js:156215:17)\n    at HTMLIFrameElement.<anonymous> (https://alapanme.github.io/__cypress/runner/cypress_runner.js:168094:17)\n    at HTMLIFrameElement.dispatch (https://alapanme.github.io/__cypress/runner/cypress_runner.js:90364:27)\n    at HTMLIFrameElement.elemData.handle (https://alapanme.github.io/__cypress/runner/cypress_runner.js:90172:28)\nFrom Your Spec Code:\n    at Context.eval (https://alapanme.github.io/__cypress/tests?p=cypress\\integration\\examples\\Pages\\testing\\testing.js:22:6)",
            "diff": null
          },
          "uuid": "6353c8f2-ed08-4acf-86d3-2a86f773c412",
          "parentUUID": "13a7c060-17be-40dc-9ca4-5c0cdccd461e",
          "isHook": false,
          "skipped": false
        }
      ],
      "suites": [],
      "passes": [],
      "failures": [
        "6353c8f2-ed08-4acf-86d3-2a86f773c412"
      ],
      "pending": [],
      "skipped": [],
      "duration": 4797,
      "root": true,
      "rootEmpty": false,
      "_timeout": 2000
    }
  ],
  "meta": {
    "mocha": {
      "version": "7.0.1"
    },
    "mochawesome": {
      "options": {
        "quiet": false,
        "reportFilename": "report",
        "saveHtml": true,
        "saveJson": true,
        "consoleReporter": "spec",
        "useInlineDiffs": false,
        "code": true
      },
      "version": "7.1.3"
    },
    "marge": {
      "options": {
        "reportDir": "cypress/reports",
        "reportFilename": "report",
        "overwrite": false,
        "html": true,
        "json": true,
        "charts": true
      },
      "version": "6.2.0"
    }
  }
}