{
  "stats": {
    "suites": 0,
    "tests": 1,
    "passes": 0,
    "pending": 0,
    "failures": 1,
    "start": "2022-08-31T05:04:13.803Z",
    "end": "2022-08-31T05:04:14.585Z",
    "duration": 782,
    "testsRegistered": 1,
    "passPercent": 0,
    "pendingPercent": 0,
    "other": 0,
    "hasOther": false,
    "skipped": 0,
    "hasSkipped": false
  },
  "results": [
    {
      "uuid": "460c340b-6e85-45d7-8484-5f32fbed7797",
      "title": "",
      "fullFile": "cypress\\integration\\examples\\Pages\\Login\\Login.js",
      "file": "cypress\\integration\\examples\\Pages\\Login\\Login.js",
      "beforeHooks": [],
      "afterHooks": [],
      "tests": [
        {
          "title": "Login ",
          "fullTitle": "Login ",
          "timedOut": null,
          "duration": 726,
          "state": "failed",
          "speed": null,
          "pass": false,
          "fail": true,
          "pending": false,
          "context": null,
          "code": "cy.visit(login.url);\ncy.get(login.joinUsNav).click();\ncy.get(login.toogleMenubar).click();\ncy.wait(5000); // cy.get(login.LoginNav).invoke('removeAttr', 'target').click();\ncy.wait(5000);\nvar newUrl = '';\ncy.window().then(function (win) {\n  cy.stub(win, 'open').as('windowOpen').callsFake(function (url) {\n    newUrl = url;\n  });\n});\ncy.get(login.LoginNav).click({\n  force: true\n});\ncy.wait(5000);\ncy.get('@windowOpen').should('be.called');\ncy.xpath('//*[@id=\"phone\"]').type('01989'); // cy.xpath(login.countrySelected).click();\ncy.wait(5000);",
          "err": {
            "message": "TypeError: cy.xpath is not a function",
            "estack": "TypeError: cy.xpath is not a function\n    at Context.eval (http://localhost:57154/__cypress/tests?p=cypress\\integration\\examples\\Pages\\Login\\Login.js:112:6)",
            "diff": null
          },
          "uuid": "e977a910-ddf6-4d41-a0c0-a050289917f9",
          "parentUUID": "460c340b-6e85-45d7-8484-5f32fbed7797",
          "isHook": false,
          "skipped": false
        }
      ],
      "suites": [],
      "passes": [],
      "failures": [
        "e977a910-ddf6-4d41-a0c0-a050289917f9"
      ],
      "pending": [],
      "skipped": [],
      "duration": 726,
      "root": true,
      "rootEmpty": false,
      "_timeout": 2000
    }
  ],
  "meta": {
    "mocha": {
      "version": "7.0.1"
    },
    "mochawesome": {
      "options": {
        "quiet": false,
        "reportFilename": "report",
        "saveHtml": true,
        "saveJson": true,
        "consoleReporter": "spec",
        "useInlineDiffs": false,
        "code": true
      },
      "version": "7.1.3"
    },
    "marge": {
      "options": {
        "reportDir": "cypress/reports",
        "reportFilename": "report",
        "overwrite": false,
        "html": true,
        "json": true,
        "charts": true
      },
      "version": "6.2.0"
    }
  }
}