{
  "stats": {
    "suites": 0,
    "tests": 1,
    "passes": 1,
    "pending": 0,
    "failures": 0,
    "start": "2022-08-31T03:28:53.138Z",
    "end": "2022-08-31T03:29:21.740Z",
    "duration": 28602,
    "testsRegistered": 1,
    "passPercent": 100,
    "pendingPercent": 0,
    "other": 0,
    "hasOther": false,
    "skipped": 0,
    "hasSkipped": false
  },
  "results": [
    {
      "uuid": "6896d124-9aae-4f0a-8b5a-00dfd1da49c2",
      "title": "",
      "fullFile": "cypress\\integration\\examples\\Pages\\Newsroom\\Newsroom.js",
      "file": "cypress\\integration\\examples\\Pages\\Newsroom\\Newsroom.js",
      "beforeHooks": [],
      "afterHooks": [],
      "tests": [
        {
          "title": "newsRoom",
          "fullTitle": "newsRoom",
          "timedOut": null,
          "duration": 24331,
          "state": "passed",
          "speed": "slow",
          "pass": true,
          "fail": false,
          "pending": false,
          "context": null,
          "code": "cy.visit(newsRoom.url);\ncy.get(newsRoom.newsRoomNav).click();",
          "err": {},
          "uuid": "f3aa698a-64bf-45db-a46f-db5783926abf",
          "parentUUID": "6896d124-9aae-4f0a-8b5a-00dfd1da49c2",
          "isHook": false,
          "skipped": false
        }
      ],
      "suites": [],
      "passes": [
        "f3aa698a-64bf-45db-a46f-db5783926abf"
      ],
      "failures": [],
      "pending": [],
      "skipped": [],
      "duration": 24331,
      "root": true,
      "rootEmpty": false,
      "_timeout": 2000
    }
  ],
  "meta": {
    "mocha": {
      "version": "7.0.1"
    },
    "mochawesome": {
      "options": {
        "quiet": false,
        "reportFilename": "report",
        "saveHtml": true,
        "saveJson": true,
        "consoleReporter": "spec",
        "useInlineDiffs": false,
        "code": true
      },
      "version": "7.1.3"
    },
    "marge": {
      "options": {
        "reportDir": "cypress/reports",
        "reportFilename": "report",
        "overwrite": false,
        "html": true,
        "json": true,
        "charts": true
      },
      "version": "6.2.0"
    }
  }
}