{
  "stats": {
    "suites": 0,
    "tests": 1,
    "passes": 1,
    "pending": 0,
    "failures": 0,
    "start": "2022-08-31T05:04:17.817Z",
    "end": "2022-08-31T05:04:35.046Z",
    "duration": 17229,
    "testsRegistered": 1,
    "passPercent": 100,
    "pendingPercent": 0,
    "other": 0,
    "hasOther": false,
    "skipped": 0,
    "hasSkipped": false
  },
  "results": [
    {
      "uuid": "1280f097-9885-4e87-b5b9-15b5bea605d3",
      "title": "",
      "fullFile": "cypress\\integration\\examples\\Pages\\Newsroom\\Newsroom.js",
      "file": "cypress\\integration\\examples\\Pages\\Newsroom\\Newsroom.js",
      "beforeHooks": [],
      "afterHooks": [],
      "tests": [
        {
          "title": "newsRoom",
          "fullTitle": "newsRoom",
          "timedOut": null,
          "duration": 12482,
          "state": "passed",
          "speed": "slow",
          "pass": true,
          "fail": false,
          "pending": false,
          "context": null,
          "code": "cy.visit(newsRoom.url);\ncy.get(newsRoom.newsRoomNav).click();",
          "err": {},
          "uuid": "b74f583b-15e7-481a-8d40-b876ac68536d",
          "parentUUID": "1280f097-9885-4e87-b5b9-15b5bea605d3",
          "isHook": false,
          "skipped": false
        }
      ],
      "suites": [],
      "passes": [
        "b74f583b-15e7-481a-8d40-b876ac68536d"
      ],
      "failures": [],
      "pending": [],
      "skipped": [],
      "duration": 12482,
      "root": true,
      "rootEmpty": false,
      "_timeout": 2000
    }
  ],
  "meta": {
    "mocha": {
      "version": "7.0.1"
    },
    "mochawesome": {
      "options": {
        "quiet": false,
        "reportFilename": "report",
        "saveHtml": true,
        "saveJson": true,
        "consoleReporter": "spec",
        "useInlineDiffs": false,
        "code": true
      },
      "version": "7.1.3"
    },
    "marge": {
      "options": {
        "reportDir": "cypress/reports",
        "reportFilename": "report",
        "overwrite": false,
        "html": true,
        "json": true,
        "charts": true
      },
      "version": "6.2.0"
    }
  }
}