{
  "stats": {
    "suites": 0,
    "tests": 1,
    "passes": 1,
    "pending": 0,
    "failures": 0,
    "start": "2022-08-31T06:57:53.809Z",
    "end": "2022-08-31T06:58:16.679Z",
    "duration": 22870,
    "testsRegistered": 1,
    "passPercent": 100,
    "pendingPercent": 0,
    "other": 0,
    "hasOther": false,
    "skipped": 0,
    "hasSkipped": false
  },
  "results": [
    {
      "uuid": "44e7ff26-a217-42fb-a507-523fc1b481a4",
      "title": "",
      "fullFile": "cypress\\integration\\examples\\Pages\\JoinUs\\JoinUs.js",
      "file": "cypress\\integration\\examples\\Pages\\JoinUs\\JoinUs.js",
      "beforeHooks": [],
      "afterHooks": [],
      "tests": [
        {
          "title": "Join Us",
          "fullTitle": "Join Us",
          "timedOut": null,
          "duration": 18533,
          "state": "passed",
          "speed": "slow",
          "pass": true,
          "fail": false,
          "pending": false,
          "context": null,
          "code": "cy.visit(joinUs.url);\ncy.get(joinUs.joinUsNav).click();\ncy.get(joinUs.checkAll).click();\ncy.get(joinUs.navAnalytics).click();\ncy.get(joinUs.apply).click();",
          "err": {},
          "uuid": "bd7703a6-57b8-4557-a3bd-40b1c9311678",
          "parentUUID": "44e7ff26-a217-42fb-a507-523fc1b481a4",
          "isHook": false,
          "skipped": false
        }
      ],
      "suites": [],
      "passes": [
        "bd7703a6-57b8-4557-a3bd-40b1c9311678"
      ],
      "failures": [],
      "pending": [],
      "skipped": [],
      "duration": 18533,
      "root": true,
      "rootEmpty": false,
      "_timeout": 2000
    }
  ],
  "meta": {
    "mocha": {
      "version": "7.0.1"
    },
    "mochawesome": {
      "options": {
        "quiet": false,
        "reportFilename": "report",
        "saveHtml": true,
        "saveJson": true,
        "consoleReporter": "spec",
        "useInlineDiffs": false,
        "code": true
      },
      "version": "7.1.3"
    },
    "marge": {
      "options": {
        "reportDir": "cypress/reports",
        "reportFilename": "report",
        "overwrite": false,
        "html": true,
        "json": true,
        "charts": true
      },
      "version": "6.2.0"
    }
  }
}